<?xml version="1.0" encoding="UTF-8"?>
<testsuite name="com.multi.mini.config.MiniApplicationTests" tests="1" skipped="0" failures="0" errors="0" timestamp="2024-06-28T23:19:15" hostname="LKS" time="0.745">
  <properties/>
  <testcase name="contextLoads()" classname="com.multi.mini.config.MiniApplicationTests" time="0.745"/>
  <system-out><![CDATA[08:19:12.927 [Test worker] INFO org.springframework.test.context.support.AnnotationConfigContextLoaderUtils -- Could not detect default configuration classes for test class [com.multi.mini.config.MiniApplicationTests]: MiniApplicationTests does not declare any static, non-private, non-final, nested classes annotated with @Configuration.
08:19:13.030 [Test worker] INFO org.springframework.boot.test.context.SpringBootTestContextBootstrapper -- Found @SpringBootConfiguration com.multi.mini.config.MiniApplication for test class com.multi.mini.config.MiniApplicationTests

  .   ____          _            __ _ _
 /\\ / ___'_ __ _ _(_)_ __  __ _ \ \ \ \
( ( )\___ | '_ | '_| | '_ \/ _` | \ \ \ \
 \\/  ___)| |_)| | | | | || (_| |  ) ) ) )
  '  |____| .__|_| |_|_| |_\__, | / / / /
 =========|_|==============|___/=/_/_/_/
 :: Spring Boot ::                (v3.2.6)

2024-06-29T08:19:13.425+09:00  INFO 26940 --- [    Test worker] c.m.mini.config.MiniApplicationTests     : Starting MiniApplicationTests using Java 17.0.11 with PID 26940 (started by cpfur in C:\git\FilmPick)
2024-06-29T08:19:13.426+09:00  INFO 26940 --- [    Test worker] c.m.mini.config.MiniApplicationTests     : No active profile set, falling back to 1 default profile: "default"
2024-06-29T08:19:14.526+09:00 DEBUG 26940 --- [    Test worker] com.zaxxer.hikari.HikariConfig           : Driver class net.sf.log4jdbc.sql.jdbcapi.DriverSpy found in Thread context class loader jdk.internal.loader.ClassLoaders$AppClassLoader@6d06d69c
2024-06-29T08:19:15.451+09:00  INFO 26940 --- [    Test worker] o.s.s.web.DefaultSecurityFilterChain     : Will secure any request with [org.springframework.security.web.session.DisableEncodeUrlFilter@11295cb1, org.springframework.security.web.context.request.async.WebAsyncManagerIntegrationFilter@5daad59a, org.springframework.security.web.context.SecurityContextHolderFilter@62054faf, org.springframework.security.web.header.HeaderWriterFilter@111fe921, org.springframework.web.filter.CorsFilter@5256fbc, org.springframework.security.web.authentication.logout.LogoutFilter@32a4ea4e, org.springframework.security.web.authentication.UsernamePasswordAuthenticationFilter@340b4f07, org.springframework.security.web.session.ConcurrentSessionFilter@4ede035e, org.springframework.security.web.savedrequest.RequestCacheAwareFilter@20f63ddc, org.springframework.security.web.servletapi.SecurityContextHolderAwareRequestFilter@210c1b9d, org.springframework.security.web.authentication.AnonymousAuthenticationFilter@58f50dd0, org.springframework.security.web.session.SessionManagementFilter@48ee3c2d, org.springframework.security.web.access.ExceptionTranslationFilter@1ef93e01, org.springframework.security.web.access.intercept.AuthorizationFilter@416c8bb5]
2024-06-29T08:19:15.458+09:00  WARN 26940 --- [    Test worker] o.s.s.c.a.web.builders.WebSecurity       : You are asking Spring Security to ignore Ant [pattern='/css/**']. This is not recommended -- please use permitAll via HttpSecurity#authorizeHttpRequests instead.
2024-06-29T08:19:15.458+09:00  INFO 26940 --- [    Test worker] o.s.s.web.DefaultSecurityFilterChain     : Will not secure Ant [pattern='/css/**']
2024-06-29T08:19:15.460+09:00  WARN 26940 --- [    Test worker] o.s.s.c.a.web.builders.WebSecurity       : You are asking Spring Security to ignore Ant [pattern='/js/**']. This is not recommended -- please use permitAll via HttpSecurity#authorizeHttpRequests instead.
2024-06-29T08:19:15.460+09:00  INFO 26940 --- [    Test worker] o.s.s.web.DefaultSecurityFilterChain     : Will not secure Ant [pattern='/js/**']
2024-06-29T08:19:15.460+09:00  WARN 26940 --- [    Test worker] o.s.s.c.a.web.builders.WebSecurity       : You are asking Spring Security to ignore Ant [pattern='/img/**']. This is not recommended -- please use permitAll via HttpSecurity#authorizeHttpRequests instead.
2024-06-29T08:19:15.460+09:00  INFO 26940 --- [    Test worker] o.s.s.web.DefaultSecurityFilterChain     : Will not secure Ant [pattern='/img/**']
2024-06-29T08:19:15.803+09:00  INFO 26940 --- [    Test worker] c.m.mini.config.MiniApplicationTests     : Started MiniApplicationTests in 2.623 seconds (process running for 3.657)
]]></system-out>
  <system-err><![CDATA[Loading class `com.mysql.jdbc.Driver'. This is deprecated. The new driver class is `com.mysql.cj.jdbc.Driver'. The driver is automatically registered via the SPI and manual loading of the driver class is generally unnecessary.
]]></system-err>
</testsuite>
